<?xml version="1.0" encoding="UTF-8"?>
<testsuite xmlns:xsi="http://www.w3.org/2001/XMLSchema-instance" xsi:noNamespaceSchemaLocation="https://maven.apache.org/surefire/maven-surefire-plugin/xsd/surefire-test-report.xsd" version="3.0.2" name="com.orbit.ecommerce.EurekaServerApplicationTests" time="2.048" tests="1" errors="0" skipped="0" failures="0" flakes="0">
  <properties>
[...]
</properties>
  <testcase name="contextLoads" classname="com.orbit.ecommerce.EurekaServerApplicationTests" time="0.367">
    <system-out><![CDATA[11:58:46.273 [main] INFO org.springframework.test.context.support.AnnotationConfigContextLoaderUtils -- Could not detect default configuration classes for test class [com.orbit.ecommerce.EurekaServerApplicationTests]: EurekaServerApplicationTests does not declare any static, non-private, non-final, nested classes annotated with @Configuration.
11:58:46.318 [main] INFO org.springframework.boot.test.context.SpringBootTestContextBootstrapper -- Found @SpringBootConfiguration com.orbit.ecommerce.EurekaServerApplication for test class com.orbit.ecommerce.EurekaServerApplicationTests
11:58:46.352 [main] INFO org.springframework.test.context.support.AnnotationConfigContextLoaderUtils -- Could not detect default configuration classes for test class [com.orbit.ecommerce.EurekaServerApplicationTests]: EurekaServerApplicationTests does not declare any static, non-private, non-final, nested classes annotated with @Configuration.
11:58:46.353 [main] INFO org.springframework.boot.test.context.SpringBootTestContextBootstrapper -- Found @SpringBootConfiguration com.orbit.ecommerce.EurekaServerApplication for test class com.orbit.ecommerce.EurekaServerApplicationTests

  .   ____          _            __ _ _
 /\\ / ___'_ __ _ _(_)_ __  __ _ \ \ \ \
( ( )\___ | '_ | '_| | '_ \/ _` | \ \ \ \
 \\/  ___)| |_)| | | | | || (_| |  ) ) ) )
  '  |____| .__|_| |_|_| |_\__, | / / / /
 =========|_|==============|___/=/_/_/_/

 :: Spring Boot ::                (v4.1.1)

2026-09-15T11:58:46.598+05:30  INFO 27133 --- [Eureka-Server] [           main] c.o.e.EurekaServerApplicationTests       : Starting EurekaServerApplicationTests using Java 25.0.4 with PID 27133 (started by ankitverma in /Users/ankitverma/git/repository/Eureka-Server)
2026-09-15T11:58:46.599+05:30  INFO 27133 --- [Eureka-Server] [           main] c.o.e.EurekaServerApplicationTests       : No active profile set, falling back to 1 default profile: "default"
2026-09-15T11:58:47.003+05:30  INFO 27133 --- [Eureka-Server] [           main] o.s.cloud.context.scope.GenericScope     : BeanFactory id=e0e8e62a-55c1-33b0-92b0-4c24e441923a
2026-09-15T11:58:47.183+05:30  INFO 27133 --- [Eureka-Server] [           main] o.s.v.b.OptionalValidatorFactoryBean     : Failed to set up a Bean Validation provider: jakarta.validation.NoProviderFoundException: Unable to create a Configuration, because no Jakarta Validation provider could be found. Add a provider like Hibernate Validator (RI) to your classpath.
2026-09-15T11:58:47.495+05:30  WARN 27133 --- [Eureka-Server] [           main] iguration$LoadBalancerCaffeineWarnLogger : Spring Cloud LoadBalancer is currently working with the default cache. While this cache implementation is useful for development and tests, it's recommended to use Caffeine cache in production.You can switch to using Caffeine cache, by adding it and org.springframework.cache.caffeine.CaffeineCacheManager to the classpath.
2026-09-15T11:58:47.617+05:30  INFO 27133 --- [Eureka-Server] [           main] o.s.c.n.eureka.InstanceInfoFactory       : Setting initial instance status as: STARTING
2026-09-15T11:58:47.624+05:30  INFO 27133 --- [Eureka-Server] [           main] com.netflix.discovery.DiscoveryClient    : Initializing Eureka in region us-east-1
2026-09-15T11:58:47.624+05:30  INFO 27133 --- [Eureka-Server] [           main] com.netflix.discovery.DiscoveryClient    : Client configured to neither register nor query for data.
2026-09-15T11:58:47.625+05:30  INFO 27133 --- [Eureka-Server] [           main] com.netflix.discovery.DiscoveryClient    : Discovery Client initialized at timestamp 1789453727624 with initial instances count: 0
2026-09-15T11:58:47.640+05:30  INFO 27133 --- [Eureka-Server] [           main] c.n.eureka.DefaultEurekaServerContext    : Initializing ...
2026-09-15T11:58:47.641+05:30  INFO 27133 --- [Eureka-Server] [           main] c.n.eureka.cluster.PeerEurekaNodes       : Adding new peer nodes [http://localhost:8761/eureka/]
2026-09-15T11:58:47.701+05:30  INFO 27133 --- [Eureka-Server] [           main] c.n.d.provider.DiscoveryJerseyProvider   : Using JSON encoding codec LegacyJacksonJson
2026-09-15T11:58:47.701+05:30  INFO 27133 --- [Eureka-Server] [           main] c.n.d.provider.DiscoveryJerseyProvider   : Using JSON decoding codec LegacyJacksonJson
2026-09-15T11:58:47.701+05:30  INFO 27133 --- [Eureka-Server] [           main] c.n.d.provider.DiscoveryJerseyProvider   : Using XML encoding codec XStreamXml
2026-09-15T11:58:47.701+05:30  INFO 27133 --- [Eureka-Server] [           main] c.n.d.provider.DiscoveryJerseyProvider   : Using XML decoding codec XStreamXml
2026-09-15T11:58:47.735+05:30  INFO 27133 --- [Eureka-Server] [           main] c.n.eureka.cluster.PeerEurekaNodes       : Replica node URL:  http://localhost:8761/eureka/
2026-09-15T11:58:47.739+05:30  INFO 27133 --- [Eureka-Server] [           main] c.n.e.registry.AbstractInstanceRegistry  : Finished initializing remote region registries. All known remote regions: []
2026-09-15T11:58:47.740+05:30  INFO 27133 --- [Eureka-Server] [           main] c.n.eureka.DefaultEurekaServerContext    : Initialized
2026-09-15T11:58:47.785+05:30  INFO 27133 --- [Eureka-Server] [           main] o.s.b.a.e.web.EndpointLinksResolver      : Exposing 1 endpoint beneath base path '/actuator'
2026-09-15T11:58:47.807+05:30  INFO 27133 --- [Eureka-Server] [           main] o.s.c.n.e.s.EurekaServiceRegistry        : Registering application EUREKA-SERVER with eureka with status UP
2026-09-15T11:58:47.812+05:30  INFO 27133 --- [Eureka-Server] [      Thread-10] o.s.c.n.e.server.EurekaServerBootstrap   : isAws returned false
2026-09-15T11:58:47.812+05:30  INFO 27133 --- [Eureka-Server] [      Thread-10] o.s.c.n.e.server.EurekaServerBootstrap   : Initialized server context
2026-09-15T11:58:47.813+05:30  INFO 27133 --- [Eureka-Server] [      Thread-10] c.n.e.r.PeerAwareInstanceRegistryImpl    : Got 1 instances from neighboring DS node
2026-09-15T11:58:47.813+05:30  INFO 27133 --- [Eureka-Server] [      Thread-10] c.n.e.r.PeerAwareInstanceRegistryImpl    : Renew threshold is: 1
2026-09-15T11:58:47.813+05:30  INFO 27133 --- [Eureka-Server] [      Thread-10] c.n.e.r.PeerAwareInstanceRegistryImpl    : Changing status to UP
2026-09-15T11:58:47.814+05:30  INFO 27133 --- [Eureka-Server] [      Thread-10] e.s.EurekaServerInitializerConfiguration : Started Eureka Server
2026-09-15T11:58:47.815+05:30  INFO 27133 --- [Eureka-Server] [           main] c.o.e.EurekaServerApplicationTests       : Started EurekaServerApplicationTests in 1.33 seconds (process running for 1.947)
]]></system-out>
    <system-err><![CDATA[Mockito is currently self-attaching to enable the inline-mock-maker. This will no longer work in future releases of the JDK. Please add Mockito as an agent to your build as described in Mockito's documentation: https://javadoc.io/doc/org.mockito/mockito-core/latest/org.mockito/org/mockito/Mockito.html#0.3
WARNING: A Java agent has been loaded dynamically (/Users/ankitverma/.m2/repository/net/bytebuddy/byte-buddy-agent/1.18.11/byte-buddy-agent-1.18.11.jar)
WARNING: If a serviceability tool is in use, please run with -XX:+EnableDynamicAgentLoading to hide this warning
WARNING: If a serviceability tool is not in use, please run with -Djdk.instrument.traceUsage for more information
WARNING: Dynamic loading of agents will be disallowed by default in a future release
]]></system-err>
  </testcase>
</testsuite>